Arguments: 
  C:\Program Files\nodejs\node.exe C:\Users\Cuijinyu\AppData\Roaming\npm\node_modules\yarn\bin\yarn.js install

PATH: 
  C:\Windows\system32;C:\Windows;C:\Windows\System32\Wbem;C:\Windows\System32\WindowsPowerShell\v1.0\;C:\Program Files (x86)\NVIDIA Corporation\PhysX\Common;C:\Users\Cuijinyu\AppData\Roaming\nvm;C:\Program Files\nodejs;"C:\Program Files\Java\jdk1.8.0_181\bin;C:\Program Files\Java\jdk1.8.0_181\jre\bin;";D:\sdk\platform-tools;D:\sdk\tools;C:\WINDOWS\system32;C:\WINDOWS;C:\WINDOWS\System32\Wbem;C:\WINDOWS\System32\WindowsPowerShell\v1.0\;C:\WINDOWS\System32\OpenSSH\;C:\Program Files\Git\cmd;C:\Program Files (x86)\Common Files\Oracle\Java\javapath;C:\MinGW\bin;C:\Users\Cuijinyu\Downloads\cmder;C:\Program Files\dotnet\;C:\Program Files\nodejs\;C:\Users\Cuijinyu\Downloads\apache-maven-3.5.4\bin\;C:\Program Files\MySQL\MySQL Server 8.0\bin\;C:\Program Files\Microsoft SQL Server\Client SDK\ODBC\130\Tools\Binn\;C:\Program Files (x86)\Microsoft SQL Server\140\Tools\Binn\;C:\Program Files\Microsoft SQL Server\140\Tools\Binn\;C:\Program Files\Microsoft SQL Server\140\DTS\Binn\;C:\sqlite\;C:\Users\Cuijinyu\AppData\Local\Programs\Python\Python37\Scripts\;C:\Users\Cuijinyu\AppData\Local\Programs\Python\Python37\;D:\Microsoft VS Code\bin;C:\Users\Cuijinyu\AppData\Local\Microsoft\WindowsApps;C:\Users\Cuijinyu\AppData\Roaming\npm;D:\Docker Toolbox

Yarn version: 
  1.10.1

Node version: 
  8.12.0

Platform: 
  win32 x64

Trace: 
  Error: ENOENT: no such file or directory, copyfile 'C:\Users\Cuijinyu\AppData\Local\Yarn\Cache\v2\npm-array-unique-0.2.1-a1d97ccafcbc2625cc70fadceb36a50c58b01a53\LICENSE' -> 'D:\nodejs包教不包会\Matrix\node_modules\anymatch\node_modules\array-unique\LICENSE'

npm manifest: 
  {
    "name": "matrix",
    "version": "1.0.0",
    "description": "",
    "main": "index.js",
    "scripts": {
      "test": "echo \"Error: no test specified\" && exit 1",
      "dev": "webpack --config ./webpack/webpack.config.js"
    },
    "repository": {
      "type": "git",
      "url": "git+https://github.com/cuijinyu/Matrix.git"
    },
    "keywords": [
      "JS",
      "web",
      "frontend",
      "matrix",
      "canvas"
    ],
    "author": "cuijinyu",
    "license": "MIT",
    "bugs": {
      "url": "https://github.com/cuijinyu/Matrix/issues"
    },
    "homepage": "https://github.com/cuijinyu/Matrix#readme",
    "dependencies": {
      "acorn": "^6.0.4",
      "babel-runtime": "^6.26.0",
      "css-loader": "^1.0.1",
      "has-flag": "^3.0.0",
      "loader-runner": "^2.3.1",
      "style-loader": "^0.23.1",
      "tapable": "^1.1.0",
      "watchpack": "^1.6.0",
      "webpack": "^4.25.1",
      "webpack-sources": "^1.3.0"
    },
    "devDependencies": {
      "babel-cli": "^6.26.0",
      "babel-core": "^6.26.3",
      "babel-loader": "^8.0.4",
      "babel-plugin-transform-runtime": "^6.23.0",
      "babel-preset-env": "^1.7.0",
      "babel-preset-es2015": "^6.24.1",
      "babel-preset-stage-0": "^6.24.1",
      "csv-loader": "^3.0.2",
      "file-loader": "^2.0.0",
      "html-webpack-plugin": "^3.2.0",
      "xml-loader": "^1.2.1"
    }
  }

yarn manifest: 
  No manifest

Lockfile: 
  No lockfile
